<?xml version="1.0" encoding="UTF-8" ?>

<beans xmlns="http://www.springframework.org/schema/beans"
    xmlns:xis="http://www.w3.org/2001/XMLSchema-instance"
      xis:schemaLocation="http://www.springframework.org/schema/beans http://www.springframework.org/schema/beans/spring-beans-3.0.xsd"
>
    <bean id="dataSource" class="org.springframework.jdbc.datasource.SimpleDriverDataSource">
        <property name="driverClass" value="com.mysql.cj.jdbc.Driver"/>
        <property name="url" value="jdbc:mysql://localhost:3306/tobyspring?useUnicode=true&amp;characterEncoding=utf8&amp;serverTimezone=Asia/Seoul"/>
        <property name="username" value="toby"/>
        <property name="password" value="spring"/>
    </bean>

    <bean id="userDao" class="springbook.user.dao.UserDaoJdbc">
        <property name="dataSource" ref="dataSource"></property>
    </bean>
    <bean id="transactionManager" class="org.springframework.jdbc.datasource.DataSourceTransactionManager">
        <property name="dataSource" ref="dataSource"></property>
    </bean>
    <bean id="UserService" class="springbook.user.service.UserService">
        <property name="userDao" ref="userDao"></property>
        <property name="transactionManager" ref="transactionManager"></property>
        <property name="mailSender" ref="mailSender"></property>
    </bean>
    <bean id="mailSender" class="springbook.user.service.MockMailSender">
<!--    <bean id="mailSender" class="org.springframework.mail.javamail.JavaMailSenderImpl">-->
<!--        <property name="host" value="smtp.gmail.com"></property>-->
<!--        <property name="port" value="587"></property>-->
    </bean>
</beans>