<?xml version="1.0" encoding="UTF-8" ?>

<beans xmlns="http://www.springframework.org/schema/beans"
       xmlns:xis="http://www.w3.org/2001/XMLSchema-instance"
       xis:schemaLocation="http://www.springframework.org/schema/beans http://www.springframework.org/schema/beans/spring-beans-3.0.xsd"
>
    <!--    <bean id="dataSource" class="org.springframework.jdbc.datasource.SimpleDriverDataSource">-->
    <!--        <property name="driverClass" value="com.mysql.cj.jdbc.Driver"/>-->
    <!--        <property name="url"-->
    <!--                  value="jdbc:mysql://localhost:3306/tobyspring?useUnicode=true&amp;characterEncoding=utf8&amp;serverTimezone=Asia/Seoul"/>-->
    <!--        <property name="username" value="toby"/>-->
    <!--        <property name="password" value="spring"/>-->
    <!--    </bean>-->

    <!--    <bean id="transactionManager" class="org.springframework.jdbc.datasource.DataSourceTransactionManager">-->
    <!--        <property name="dataSource" ref="dataSource"></property>-->
    <!--    </bean>-->

    <!--    <bean id="sqlService" class="springbook.user.sqlservice.OxmSqlService">-->
    <!--        <property name="unmarshaller" ref="unmarshaller"></property>-->
    <!--        <property name="sqlRegistry" ref="sqlRegisrty"></property>-->
    <!--    </bean>-->

    <!--    <bean id="sqlRegisrty" class="springbook.user.issuetracker.sqlservice.updatable.EmbeddedDbSqlRegistry">-->
    <!--        <property name="dataSource" ref="embeddedDatabase"></property>-->
    <!--    </bean>-->

    <!--    <jdbc:embedded-database id="embeddedDatabase" type="HSQL">-->
    <!--        <jdbc:script location="classpath:/sqlRegistrySchema.sql"></jdbc:script>-->
    <!--    </jdbc:embedded-database>-->

    <!--    <bean id="unmarshaller" class="org.springframework.oxm.jaxb.Jaxb2Marshaller">-->
    <!--        <property name="contextPath" value="springbook.user.sqlservice.jaxb"></property>-->
    <!--    </bean>-->

    <!--    <tx:annotation-driven/>-->

    <!--    <bean id="userDao" class="springbook.user.dao.UserDaoJdbc">-->
    <!--        <property name="dataSource" ref="dataSource"></property>-->
    <!--        <property name="sqlService" ref="sqlService"></property>-->
    <!--    </bean>-->

    <!--    <bean id="userService" class="springbook.user.service.UserServiceImpl">-->
    <!--        <property name="userDao" ref="userDao"></property>-->
    <!--        <property name="mailSender" ref="mailSender"></property>-->
    <!--    </bean>-->

    <!--    <bean id="testUserService" class="springbook.user.service.UserServiceTest$TestUserServiceImpl"-->
    <!--          parent="userService"/>-->

    <!--    <bean id="mailSender" class="springbook.user.service.MockMailSender">-->
    <!--    </bean>-->

</beans>
